<?xml version="1.0" encoding="UTF-8" ?>
<testsuite tests="6" failures="0" name="UserTest" time="3.563" errors="0" skipped="0">
  <properties>
[...]
</properties>
  <testcase classname="UserTest" name="testMD5" time="0.025"/>
  <testcase classname="UserTest" name="testyzm" time="2.838"/>
  <testcase classname="UserTest" name="testGetBtId" time="0.636"/>
  <testcase classname="UserTest" name="findAllNum" time="0.036"/>
  <testcase classname="UserTest" name="getUserByName" time="0.002"/>
  <testcase classname="UserTest" name="insertUser" time="0.026"/>
</testsuite>